<?xml version="1.0" encoding="UTF-8"?>
<!-- Generated by org.testng.reporters.JUnitXMLReporter -->
<testsuite ignored="0" hostname="cherry_on_top" failures="0" tests="5" name="Default test" time="13.911" errors="0" timestamp="2025-06-04T13:41:52 IST">
  <testcase classname="testProject.Datatest" name="test1" time="2.215"/>
  <testcase classname="testProject.Datatest" name="test1" time="0.591"/>
  <testcase classname="testProject.Datatest" name="test1" time="0.651"/>
  <testcase classname="testProject.Datatest" name="test1" time="0.593"/>
  <testcase classname="testProject.Datatest" name="test1" time="0.487"/>
</testsuite> <!-- Default test -->
