<?xml version="1.0" encoding="UTF-8"?>
<testng-results ignored="0" total="5" passed="5" failed="0" skipped="0">
  <reporter-output>
  </reporter-output>
  <suite started-at="2025-06-04T13:41:38 IST" name="Default suite" finished-at="2025-06-04T13:41:51 IST" duration-ms="13911">
    <groups>
    </groups>
    <test started-at="2025-06-04T13:41:38 IST" name="Default test" finished-at="2025-06-04T13:41:51 IST" duration-ms="13911">
      <class name="testProject.Datatest">
        <test-method is-config="true" signature="beforeClass()[pri:0, instance:testProject.Datatest@1165b38]" started-at="2025-06-04T13:41:38 IST" name="beforeClass" finished-at="2025-06-04T13:41:46 IST" duration-ms="8006" status="PASS">
          <reporter-output>
          </reporter-output>
        </test-method> <!-- beforeClass -->
        <test-method signature="test1(java.lang.String,java.lang.String)[pri:0, instance:testProject.Datatest@1165b38]" started-at="2025-06-04T13:41:47 IST" name="test1" data-provider="login" finished-at="2025-06-04T13:41:49 IST" duration-ms="2215" status="PASS">
          <params>
            <param index="0">
              <value>
                <![CDATA[student]]>
              </value>
            </param>
            <param index="1">
              <value>
                <![CDATA[Password123]]>
              </value>
            </param>
          </params>
          <reporter-output>
          </reporter-output>
        </test-method> <!-- test1 -->
        <test-method signature="test1(java.lang.String,java.lang.String)[pri:0, instance:testProject.Datatest@1165b38]" started-at="2025-06-04T13:41:49 IST" name="test1" data-provider="login" finished-at="2025-06-04T13:41:50 IST" duration-ms="591" status="PASS">
          <params>
            <param index="0">
              <value>
                <![CDATA[admin2]]>
              </value>
            </param>
            <param index="1">
              <value>
                <![CDATA[pass2]]>
              </value>
            </param>
          </params>
          <reporter-output>
          </reporter-output>
        </test-method> <!-- test1 -->
        <test-method signature="test1(java.lang.String,java.lang.String)[pri:0, instance:testProject.Datatest@1165b38]" started-at="2025-06-04T13:41:50 IST" name="test1" data-provider="login" finished-at="2025-06-04T13:41:50 IST" duration-ms="651" status="PASS">
          <params>
            <param index="0">
              <value>
                <![CDATA[student]]>
              </value>
            </param>
            <param index="1">
              <value>
                <![CDATA[pass3]]>
              </value>
            </param>
          </params>
          <reporter-output>
          </reporter-output>
        </test-method> <!-- test1 -->
        <test-method signature="test1(java.lang.String,java.lang.String)[pri:0, instance:testProject.Datatest@1165b38]" started-at="2025-06-04T13:41:50 IST" name="test1" data-provider="login" finished-at="2025-06-04T13:41:51 IST" duration-ms="593" status="PASS">
          <params>
            <param index="0">
              <value>
                <![CDATA[admin4]]>
              </value>
            </param>
            <param index="1">
              <value>
                <![CDATA[Password123]]>
              </value>
            </param>
          </params>
          <reporter-output>
          </reporter-output>
        </test-method> <!-- test1 -->
        <test-method signature="test1(java.lang.String,java.lang.String)[pri:0, instance:testProject.Datatest@1165b38]" started-at="2025-06-04T13:41:51 IST" name="test1" data-provider="login" finished-at="2025-06-04T13:41:51 IST" duration-ms="487" status="PASS">
          <params>
            <param index="0">
              <value>
                <![CDATA[]]>
              </value>
            </param>
            <param index="1">
              <value>
                <![CDATA[]]>
              </value>
            </param>
          </params>
          <reporter-output>
          </reporter-output>
        </test-method> <!-- test1 -->
        <test-method is-config="true" signature="afterClass()[pri:0, instance:testProject.Datatest@1165b38]" started-at="2025-06-04T13:41:51 IST" name="afterClass" finished-at="2025-06-04T13:41:51 IST" duration-ms="232" status="PASS">
          <reporter-output>
          </reporter-output>
        </test-method> <!-- afterClass -->
      </class> <!-- testProject.Datatest -->
    </test> <!-- Default test -->
  </suite> <!-- Default suite -->
</testng-results>
